{"/mnt/e/software-developer/testing/src/core/domain/entities/email.ts": {"path":"/mnt/e/software-developer/testing/src/core/domain/entities/email.ts","statementMap":{"0":{"start":{"line":4,"column":8},"end":{"line":6,"column":9}},"1":{"start":{"line":5,"column":12},"end":{"line":5,"column":null}},"2":{"start":{"line":7,"column":8},"end":{"line":7,"column":null}},"3":{"start":{"line":10,"column":8},"end":{"line":14,"column":null}},"4":{"start":{"line":1,"column":0},"end":{"line":1,"column":13}}},"fnMap":{"0":{"name":"(anonymous_0)","decl":{"start":{"line":3,"column":4},"end":{"line":3,"column":16}},"loc":{"start":{"line":3,"column":29},"end":{"line":8,"column":5}}},"1":{"name":"(anonymous_1)","decl":{"start":{"line":9,"column":12},"end":{"line":9,"column":20}},"loc":{"start":{"line":9,"column":34},"end":{"line":15,"column":5}}}},"branchMap":{"0":{"loc":{"start":{"line":4,"column":8},"end":{"line":6,"column":9}},"type":"if","locations":[{"start":{"line":4,"column":8},"end":{"line":6,"column":9}}]}},"s":{"0":19,"1":1,"2":18,"3":19,"4":4},"f":{"0":19,"1":19},"b":{"0":[1]}}
,"/mnt/e/software-developer/testing/src/core/domain/entities/password.ts": {"path":"/mnt/e/software-developer/testing/src/core/domain/entities/password.ts","statementMap":{"0":{"start":{"line":1,"column":0},"end":{"line":1,"column":48}},"1":{"start":{"line":5,"column":17},"end":{"line":5,"column":30}},"2":{"start":{"line":6,"column":18},"end":{"line":6,"column":30}},"3":{"start":{"line":10,"column":21},"end":{"line":10,"column":55}},"4":{"start":{"line":11,"column":21},"end":{"line":13,"column":26}},"5":{"start":{"line":14,"column":29},"end":{"line":14,"column":46}},"6":{"start":{"line":15,"column":8},"end":{"line":15,"column":null}},"7":{"start":{"line":18,"column":21},"end":{"line":20,"column":26}},"8":{"start":{"line":21,"column":26},"end":{"line":21,"column":48}},"9":{"start":{"line":22,"column":8},"end":{"line":22,"column":null}},"10":{"start":{"line":3,"column":0},"end":{"line":3,"column":13}}},"fnMap":{"0":{"name":"(anonymous_0)","decl":{"start":{"line":4,"column":4},"end":{"line":4,"column":null}},"loc":{"start":{"line":6,"column":30},"end":{"line":7,"column":8}}},"1":{"name":"(anonymous_1)","decl":{"start":{"line":9,"column":4},"end":{"line":9,"column":10}},"loc":{"start":{"line":9,"column":34},"end":{"line":16,"column":5}}},"2":{"name":"(anonymous_2)","decl":{"start":{"line":17,"column":4},"end":{"line":17,"column":12}},"loc":{"start":{"line":17,"column":29},"end":{"line":23,"column":5}}}},"branchMap":{},"s":{"0":4,"1":20,"2":20,"3":13,"4":13,"5":13,"6":13,"7":5,"8":5,"9":5,"10":4},"f":{"0":20,"1":13,"2":5},"b":{}}
,"/mnt/e/software-developer/testing/src/core/domain/entities/shortened-url.ts": {"path":"/mnt/e/software-developer/testing/src/core/domain/entities/shortened-url.ts","statementMap":{"0":{"start":{"line":1,"column":0},"end":{"line":1,"column":36}},"1":{"start":{"line":24,"column":4},"end":{"line":24,"column":31}},"2":{"start":{"line":25,"column":4},"end":{"line":25,"column":23}},"3":{"start":{"line":26,"column":4},"end":{"line":26,"column":27}},"4":{"start":{"line":27,"column":4},"end":{"line":27,"column":31}},"5":{"start":{"line":28,"column":4},"end":{"line":28,"column":37}},"6":{"start":{"line":29,"column":4},"end":{"line":29,"column":31}},"7":{"start":{"line":30,"column":4},"end":{"line":30,"column":37}},"8":{"start":{"line":31,"column":4},"end":{"line":31,"column":37}},"9":{"start":{"line":34,"column":15},"end":{"line":34,"column":27}},"10":{"start":{"line":36,"column":6},"end":{"line":36,"column":70}},"11":{"start":{"line":37,"column":17},"end":{"line":37,"column":19}},"12":{"start":{"line":39,"column":4},"end":{"line":43,"column":5}},"13":{"start":{"line":39,"column":17},"end":{"line":39,"column":18}},"14":{"start":{"line":40,"column":6},"end":{"line":42,"column":8}},"15":{"start":{"line":44,"column":4},"end":{"line":50,"column":7}},"16":{"start":{"line":14,"column":0},"end":{"line":14,"column":13}}},"fnMap":{"0":{"name":"(anonymous_0)","decl":{"start":{"line":23,"column":2},"end":{"line":23,"column":14}},"loc":{"start":{"line":23,"column":34},"end":{"line":32,"column":3}}},"1":{"name":"(anonymous_1)","decl":{"start":{"line":33,"column":2},"end":{"line":33,"column":8}},"loc":{"start":{"line":33,"column":56},"end":{"line":51,"column":3}}}},"branchMap":{},"s":{"0":2,"1":19,"2":19,"3":19,"4":19,"5":19,"6":19,"7":19,"8":19,"9":9,"10":9,"11":9,"12":9,"13":9,"14":54,"15":9,"16":2},"f":{"0":19,"1":9},"b":{}}
,"/mnt/e/software-developer/testing/src/core/domain/entities/user.ts": {"path":"/mnt/e/software-developer/testing/src/core/domain/entities/user.ts","statementMap":{"0":{"start":{"line":1,"column":0},"end":{"line":1,"column":36}},"1":{"start":{"line":2,"column":0},"end":{"line":2,"column":32}},"2":{"start":{"line":3,"column":0},"end":{"line":3,"column":38}},"3":{"start":{"line":27,"column":4},"end":{"line":27,"column":23}},"4":{"start":{"line":28,"column":4},"end":{"line":28,"column":35}},"5":{"start":{"line":29,"column":4},"end":{"line":29,"column":29}},"6":{"start":{"line":30,"column":4},"end":{"line":30,"column":35}},"7":{"start":{"line":31,"column":4},"end":{"line":31,"column":37}},"8":{"start":{"line":34,"column":15},"end":{"line":34,"column":27}},"9":{"start":{"line":35,"column":4},"end":{"line":41,"column":7}},"10":{"start":{"line":19,"column":0},"end":{"line":19,"column":13}}},"fnMap":{"0":{"name":"(anonymous_0)","decl":{"start":{"line":26,"column":2},"end":{"line":26,"column":14}},"loc":{"start":{"line":26,"column":26},"end":{"line":32,"column":3}}},"1":{"name":"(anonymous_1)","decl":{"start":{"line":33,"column":2},"end":{"line":33,"column":8}},"loc":{"start":{"line":33,"column":46},"end":{"line":42,"column":3}}}},"branchMap":{},"s":{"0":3,"1":3,"2":3,"3":17,"4":17,"5":17,"6":17,"7":17,"8":10,"9":10,"10":3},"f":{"0":17,"1":10},"b":{}}
,"/mnt/e/software-developer/testing/src/core/domain/usecase/token.ts": {"path":"/mnt/e/software-developer/testing/src/core/domain/usecase/token.ts","statementMap":{"0":{"start":{"line":1,"column":0},"end":{"line":1,"column":36}},"1":{"start":{"line":4,"column":18},"end":{"line":7,"column":6}},"2":{"start":{"line":8,"column":4},"end":{"line":8,"column":17}},"3":{"start":{"line":11,"column":4},"end":{"line":19,"column":5}},"4":{"start":{"line":12,"column":20},"end":{"line":14,"column":null}},"5":{"start":{"line":16,"column":6},"end":{"line":16,"column":19}},"6":{"start":{"line":18,"column":6},"end":{"line":18,"column":18}},"7":{"start":{"line":2,"column":0},"end":{"line":2,"column":13}}},"fnMap":{"0":{"name":"(anonymous_6)","decl":{"start":{"line":3,"column":2},"end":{"line":3,"column":8}},"loc":{"start":{"line":3,"column":32},"end":{"line":9,"column":3}}},"1":{"name":"(anonymous_7)","decl":{"start":{"line":10,"column":2},"end":{"line":10,"column":8}},"loc":{"start":{"line":10,"column":29},"end":{"line":20,"column":3}}}},"branchMap":{"0":{"loc":{"start":{"line":4,"column":35},"end":{"line":4,"column":72}},"type":"binary-expr","locations":[{"start":{"line":4,"column":35},"end":{"line":4,"column":57}},{"start":{"line":4,"column":61},"end":{"line":4,"column":72}}]},"1":{"loc":{"start":{"line":14,"column":8},"end":{"line":14,"column":45}},"type":"binary-expr","locations":[{"start":{"line":14,"column":8},"end":{"line":14,"column":30}},{"start":{"line":14,"column":34},"end":{"line":14,"column":45}}]}},"s":{"0":2,"1":3,"2":3,"3":3,"4":3,"5":2,"6":1,"7":2},"f":{"0":3,"1":3},"b":{"0":[3,3],"1":[3,3]}}
,"/mnt/e/software-developer/testing/src/core/domain/usecase/url/create-url.ts": {"path":"/mnt/e/software-developer/testing/src/core/domain/usecase/url/create-url.ts","statementMap":{"0":{"start":{"line":2,"column":0},"end":{"line":2,"column":60}},"1":{"start":{"line":5,"column":31},"end":{"line":5,"column":59}},"2":{"start":{"line":7,"column":17},"end":{"line":10,"column":6}},"3":{"start":{"line":11,"column":19},"end":{"line":11,"column":56}},"4":{"start":{"line":12,"column":4},"end":{"line":17,"column":null}},"5":{"start":{"line":4,"column":0},"end":{"line":4,"column":21}}},"fnMap":{"0":{"name":"(anonymous_0)","decl":{"start":{"line":5,"column":2},"end":{"line":5,"column":31}},"loc":{"start":{"line":5,"column":59},"end":{"line":5,"column":63}}},"1":{"name":"(anonymous_1)","decl":{"start":{"line":6,"column":2},"end":{"line":6,"column":7}},"loc":{"start":{"line":6,"column":28},"end":{"line":18,"column":3}}}},"branchMap":{},"s":{"0":1,"1":8,"2":8,"3":8,"4":8,"5":1},"f":{"0":8,"1":8},"b":{}}
,"/mnt/e/software-developer/testing/src/core/domain/usecase/url/delete-url.ts": {"path":"/mnt/e/software-developer/testing/src/core/domain/usecase/url/delete-url.ts","statementMap":{"0":{"start":{"line":4,"column":31},"end":{"line":4,"column":57}},"1":{"start":{"line":6,"column":4},"end":{"line":6,"column":44}},"2":{"start":{"line":3,"column":0},"end":{"line":3,"column":13}}},"fnMap":{"0":{"name":"(anonymous_0)","decl":{"start":{"line":4,"column":2},"end":{"line":4,"column":31}},"loc":{"start":{"line":4,"column":57},"end":{"line":4,"column":61}}},"1":{"name":"(anonymous_1)","decl":{"start":{"line":5,"column":2},"end":{"line":5,"column":7}},"loc":{"start":{"line":5,"column":28},"end":{"line":7,"column":3}}}},"branchMap":{},"s":{"0":1,"1":1,"2":1},"f":{"0":1,"1":1},"b":{}}
,"/mnt/e/software-developer/testing/src/core/domain/usecase/url/find-url-by-id.ts": {"path":"/mnt/e/software-developer/testing/src/core/domain/usecase/url/find-url-by-id.ts","statementMap":{"0":{"start":{"line":4,"column":31},"end":{"line":4,"column":57}},"1":{"start":{"line":6,"column":17},"end":{"line":6,"column":58}},"2":{"start":{"line":7,"column":4},"end":{"line":7,"column":null}},"3":{"start":{"line":3,"column":0},"end":{"line":3,"column":13}}},"fnMap":{"0":{"name":"(anonymous_0)","decl":{"start":{"line":4,"column":2},"end":{"line":4,"column":31}},"loc":{"start":{"line":4,"column":57},"end":{"line":4,"column":61}}},"1":{"name":"(anonymous_1)","decl":{"start":{"line":5,"column":2},"end":{"line":5,"column":7}},"loc":{"start":{"line":5,"column":28},"end":{"line":8,"column":3}}}},"branchMap":{},"s":{"0":2,"1":2,"2":2,"3":1},"f":{"0":2,"1":2},"b":{}}
,"/mnt/e/software-developer/testing/src/core/domain/usecase/url/find-url-by-link.ts": {"path":"/mnt/e/software-developer/testing/src/core/domain/usecase/url/find-url-by-link.ts","statementMap":{"0":{"start":{"line":4,"column":31},"end":{"line":4,"column":57}},"1":{"start":{"line":6,"column":17},"end":{"line":6,"column":60}},"2":{"start":{"line":7,"column":4},"end":{"line":7,"column":16}},"3":{"start":{"line":3,"column":0},"end":{"line":3,"column":13}}},"fnMap":{"0":{"name":"(anonymous_0)","decl":{"start":{"line":4,"column":2},"end":{"line":4,"column":31}},"loc":{"start":{"line":4,"column":57},"end":{"line":4,"column":61}}},"1":{"name":"(anonymous_1)","decl":{"start":{"line":5,"column":2},"end":{"line":5,"column":7}},"loc":{"start":{"line":5,"column":28},"end":{"line":8,"column":3}}}},"branchMap":{},"s":{"0":2,"1":3,"2":3,"3":1},"f":{"0":2,"1":3},"b":{}}
,"/mnt/e/software-developer/testing/src/core/domain/usecase/url/find-url-many.ts": {"path":"/mnt/e/software-developer/testing/src/core/domain/usecase/url/find-url-many.ts","statementMap":{"0":{"start":{"line":4,"column":31},"end":{"line":4,"column":57}},"1":{"start":{"line":6,"column":17},"end":{"line":6,"column":62}},"2":{"start":{"line":7,"column":4},"end":{"line":7,"column":16}},"3":{"start":{"line":3,"column":0},"end":{"line":3,"column":13}}},"fnMap":{"0":{"name":"(anonymous_0)","decl":{"start":{"line":4,"column":2},"end":{"line":4,"column":31}},"loc":{"start":{"line":4,"column":57},"end":{"line":4,"column":61}}},"1":{"name":"(anonymous_1)","decl":{"start":{"line":5,"column":2},"end":{"line":5,"column":7}},"loc":{"start":{"line":5,"column":28},"end":{"line":8,"column":3}}}},"branchMap":{},"s":{"0":2,"1":2,"2":2,"3":1},"f":{"0":2,"1":2},"b":{}}
,"/mnt/e/software-developer/testing/src/core/domain/usecase/url/update-url.ts": {"path":"/mnt/e/software-developer/testing/src/core/domain/usecase/url/update-url.ts","statementMap":{"0":{"start":{"line":4,"column":31},"end":{"line":4,"column":57}},"1":{"start":{"line":6,"column":25},"end":{"line":6,"column":66}},"2":{"start":{"line":7,"column":4},"end":{"line":7,"column":34}},"3":{"start":{"line":8,"column":4},"end":{"line":8,"column":48}},"4":{"start":{"line":3,"column":0},"end":{"line":3,"column":13}}},"fnMap":{"0":{"name":"(anonymous_0)","decl":{"start":{"line":4,"column":2},"end":{"line":4,"column":31}},"loc":{"start":{"line":4,"column":57},"end":{"line":4,"column":61}}},"1":{"name":"(anonymous_1)","decl":{"start":{"line":5,"column":2},"end":{"line":5,"column":7}},"loc":{"start":{"line":5,"column":28},"end":{"line":9,"column":3}}}},"branchMap":{},"s":{"0":1,"1":1,"2":1,"3":1,"4":1},"f":{"0":1,"1":1},"b":{}}
,"/mnt/e/software-developer/testing/src/core/domain/usecase/user/auth-user.ts": {"path":"/mnt/e/software-developer/testing/src/core/domain/usecase/user/auth-user.ts","statementMap":{"0":{"start":{"line":2,"column":0},"end":{"line":2,"column":33}},"1":{"start":{"line":5,"column":31},"end":{"line":5,"column":62}},"2":{"start":{"line":7,"column":17},"end":{"line":7,"column":67}},"3":{"start":{"line":8,"column":4},"end":{"line":8,"column":64}},"4":{"start":{"line":8,"column":15},"end":{"line":8,"column":64}},"5":{"start":{"line":9,"column":4},"end":{"line":26,"column":5}},"6":{"start":{"line":10,"column":6},"end":{"line":22,"column":7}},"7":{"start":{"line":11,"column":22},"end":{"line":15,"column":10}},"8":{"start":{"line":16,"column":22},"end":{"line":20,"column":10}},"9":{"start":{"line":21,"column":8},"end":{"line":21,"column":40}},"10":{"start":{"line":23,"column":6},"end":{"line":23,"column":63}},"11":{"start":{"line":25,"column":6},"end":{"line":25,"column":18}},"12":{"start":{"line":4,"column":0},"end":{"line":4,"column":13}}},"fnMap":{"0":{"name":"(anonymous_0)","decl":{"start":{"line":5,"column":2},"end":{"line":5,"column":31}},"loc":{"start":{"line":5,"column":62},"end":{"line":5,"column":66}}},"1":{"name":"(anonymous_1)","decl":{"start":{"line":6,"column":2},"end":{"line":6,"column":7}},"loc":{"start":{"line":6,"column":28},"end":{"line":27,"column":3}}}},"branchMap":{"0":{"loc":{"start":{"line":8,"column":4},"end":{"line":8,"column":64}},"type":"if","locations":[{"start":{"line":8,"column":4},"end":{"line":8,"column":64}}]},"1":{"loc":{"start":{"line":10,"column":6},"end":{"line":22,"column":7}},"type":"if","locations":[{"start":{"line":10,"column":6},"end":{"line":22,"column":7}}]},"2":{"loc":{"start":{"line":14,"column":18},"end":{"line":14,"column":47}},"type":"cond-expr","locations":[{"start":{"line":14,"column":35},"end":{"line":14,"column":40}},{"start":{"line":14,"column":43},"end":{"line":14,"column":47}}]}},"s":{"0":1,"1":2,"2":2,"3":2,"4":0,"5":2,"6":2,"7":1,"8":1,"9":1,"10":1,"11":1,"12":1},"f":{"0":2,"1":2},"b":{"0":[0],"1":[1],"2":[0,1]}}
,"/mnt/e/software-developer/testing/src/core/domain/usecase/user/create-user.ts": {"path":"/mnt/e/software-developer/testing/src/core/domain/usecase/user/create-user.ts","statementMap":{"0":{"start":{"line":2,"column":0},"end":{"line":2,"column":43}},"1":{"start":{"line":4,"column":31},"end":{"line":4,"column":62}},"2":{"start":{"line":6,"column":17},"end":{"line":6,"column":42}},"3":{"start":{"line":7,"column":19},"end":{"line":7,"column":57}},"4":{"start":{"line":8,"column":4},"end":{"line":13,"column":6}},"5":{"start":{"line":3,"column":0},"end":{"line":3,"column":13}}},"fnMap":{"0":{"name":"(anonymous_0)","decl":{"start":{"line":4,"column":2},"end":{"line":4,"column":31}},"loc":{"start":{"line":4,"column":62},"end":{"line":4,"column":66}}},"1":{"name":"(anonymous_1)","decl":{"start":{"line":5,"column":2},"end":{"line":5,"column":7}},"loc":{"start":{"line":5,"column":28},"end":{"line":14,"column":3}}}},"branchMap":{},"s":{"0":2,"1":9,"2":9,"3":9,"4":9,"5":2},"f":{"0":9,"1":9},"b":{}}
,"/mnt/e/software-developer/testing/src/core/domain/usecase/user/delete-user.ts": {"path":"/mnt/e/software-developer/testing/src/core/domain/usecase/user/delete-user.ts","statementMap":{"0":{"start":{"line":4,"column":31},"end":{"line":4,"column":62}},"1":{"start":{"line":6,"column":4},"end":{"line":6,"column":null}},"2":{"start":{"line":3,"column":0},"end":{"line":3,"column":13}}},"fnMap":{"0":{"name":"(anonymous_0)","decl":{"start":{"line":4,"column":2},"end":{"line":4,"column":31}},"loc":{"start":{"line":4,"column":62},"end":{"line":4,"column":65}}},"1":{"name":"(anonymous_1)","decl":{"start":{"line":5,"column":2},"end":{"line":5,"column":7}},"loc":{"start":{"line":5,"column":27},"end":{"line":7,"column":3}}}},"branchMap":{},"s":{"0":1,"1":1,"2":1},"f":{"0":1,"1":1},"b":{}}
,"/mnt/e/software-developer/testing/src/core/domain/usecase/user/find-many-user.ts": {"path":"/mnt/e/software-developer/testing/src/core/domain/usecase/user/find-many-user.ts","statementMap":{"0":{"start":{"line":4,"column":31},"end":{"line":4,"column":62}},"1":{"start":{"line":6,"column":18},"end":{"line":6,"column":54}},"2":{"start":{"line":7,"column":4},"end":{"line":12,"column":8}},"3":{"start":{"line":7,"column":32},"end":{"line":12,"column":6}},"4":{"start":{"line":3,"column":0},"end":{"line":3,"column":13}}},"fnMap":{"0":{"name":"(anonymous_0)","decl":{"start":{"line":4,"column":2},"end":{"line":4,"column":31}},"loc":{"start":{"line":4,"column":62},"end":{"line":4,"column":66}}},"1":{"name":"(anonymous_1)","decl":{"start":{"line":5,"column":2},"end":{"line":5,"column":7}},"loc":{"start":{"line":5,"column":15},"end":{"line":13,"column":3}}},"2":{"name":"(anonymous_2)","decl":{"start":{"line":7,"column":21},"end":{"line":7,"column":22}},"loc":{"start":{"line":7,"column":32},"end":{"line":12,"column":6}}}},"branchMap":{},"s":{"0":1,"1":1,"2":1,"3":1,"4":1},"f":{"0":1,"1":1,"2":1},"b":{}}
,"/mnt/e/software-developer/testing/src/core/domain/usecase/user/find-user.ts": {"path":"/mnt/e/software-developer/testing/src/core/domain/usecase/user/find-user.ts","statementMap":{"0":{"start":{"line":5,"column":31},"end":{"line":5,"column":62}},"1":{"start":{"line":7,"column":4},"end":{"line":12,"column":5}},"2":{"start":{"line":8,"column":21},"end":{"line":8,"column":65}},"3":{"start":{"line":9,"column":6},"end":{"line":9,"column":20}},"4":{"start":{"line":11,"column":6},"end":{"line":11,"column":18}},"5":{"start":{"line":4,"column":0},"end":{"line":4,"column":13}}},"fnMap":{"0":{"name":"(anonymous_0)","decl":{"start":{"line":5,"column":2},"end":{"line":5,"column":31}},"loc":{"start":{"line":5,"column":62},"end":{"line":5,"column":66}}},"1":{"name":"(anonymous_1)","decl":{"start":{"line":6,"column":2},"end":{"line":6,"column":7}},"loc":{"start":{"line":6,"column":28},"end":{"line":13,"column":3}}}},"branchMap":{},"s":{"0":3,"1":3,"2":3,"3":3,"4":0,"5":1},"f":{"0":3,"1":3},"b":{}}
,"/mnt/e/software-developer/testing/src/core/domain/usecase/user/update-user.ts": {"path":"/mnt/e/software-developer/testing/src/core/domain/usecase/user/update-user.ts","statementMap":{"0":{"start":{"line":2,"column":0},"end":{"line":2,"column":51}},"1":{"start":{"line":5,"column":31},"end":{"line":5,"column":62}},"2":{"start":{"line":7,"column":17},"end":{"line":7,"column":61}},"3":{"start":{"line":8,"column":4},"end":{"line":8,"column":49}},"4":{"start":{"line":8,"column":15},"end":{"line":8,"column":49}},"5":{"start":{"line":9,"column":4},"end":{"line":9,"column":52}},"6":{"start":{"line":10,"column":4},"end":{"line":12,"column":5}},"7":{"start":{"line":11,"column":6},"end":{"line":11,"column":54}},"8":{"start":{"line":13,"column":4},"end":{"line":13,"column":43}},"9":{"start":{"line":4,"column":0},"end":{"line":4,"column":13}}},"fnMap":{"0":{"name":"(anonymous_0)","decl":{"start":{"line":5,"column":2},"end":{"line":5,"column":31}},"loc":{"start":{"line":5,"column":62},"end":{"line":5,"column":66}}},"1":{"name":"(anonymous_1)","decl":{"start":{"line":6,"column":2},"end":{"line":6,"column":7}},"loc":{"start":{"line":6,"column":28},"end":{"line":14,"column":3}}}},"branchMap":{"0":{"loc":{"start":{"line":8,"column":4},"end":{"line":8,"column":49}},"type":"if","locations":[{"start":{"line":8,"column":4},"end":{"line":8,"column":49}}]},"1":{"loc":{"start":{"line":9,"column":20},"end":{"line":9,"column":51}},"type":"binary-expr","locations":[{"start":{"line":9,"column":20},"end":{"line":9,"column":34}},{"start":{"line":9,"column":38},"end":{"line":9,"column":51}}]},"2":{"loc":{"start":{"line":10,"column":4},"end":{"line":12,"column":5}},"type":"if","locations":[{"start":{"line":10,"column":4},"end":{"line":12,"column":5}}]}},"s":{"0":1,"1":1,"2":1,"3":1,"4":0,"5":1,"6":1,"7":1,"8":1,"9":1},"f":{"0":1,"1":1},"b":{"0":[0],"1":[1,1],"2":[1]}}
,"/mnt/e/software-developer/testing/src/infra/database/PgAdapter.ts": {"path":"/mnt/e/software-developer/testing/src/infra/database/PgAdapter.ts","statementMap":{"0":{"start":{"line":1,"column":0},"end":{"line":1,"column":39}},"1":{"start":{"line":7,"column":4},"end":{"line":7,"column":45}},"2":{"start":{"line":10,"column":4},"end":{"line":12,"column":7}},"3":{"start":{"line":11,"column":6},"end":{"line":11,"column":18}},"4":{"start":{"line":15,"column":4},"end":{"line":15,"column":46}},"5":{"start":{"line":19,"column":4},"end":{"line":19,"column":38}},"6":{"start":{"line":22,"column":4},"end":{"line":22,"column":36}},"7":{"start":{"line":4,"column":0},"end":{"line":4,"column":13}}},"fnMap":{"0":{"name":"(anonymous_1)","decl":{"start":{"line":6,"column":2},"end":{"line":6,"column":14}},"loc":{"start":{"line":6,"column":38},"end":{"line":8,"column":3}}},"1":{"name":"(anonymous_2)","decl":{"start":{"line":9,"column":2},"end":{"line":9,"column":7}},"loc":{"start":{"line":9,"column":59},"end":{"line":13,"column":3}}},"2":{"name":"(anonymous_3)","decl":{"start":{"line":10,"column":29},"end":{"line":10,"column":30}},"loc":{"start":{"line":10,"column":35},"end":{"line":12,"column":5}}},"3":{"name":"(anonymous_4)","decl":{"start":{"line":14,"column":2},"end":{"line":14,"column":7}},"loc":{"start":{"line":14,"column":39},"end":{"line":16,"column":3}}},"4":{"name":"(anonymous_5)","decl":{"start":{"line":18,"column":2},"end":{"line":18,"column":7}},"loc":{"start":{"line":18,"column":13},"end":{"line":20,"column":3}}},"5":{"name":"(anonymous_6)","decl":{"start":{"line":21,"column":2},"end":{"line":21,"column":7}},"loc":{"start":{"line":21,"column":15},"end":{"line":23,"column":3}}}},"branchMap":{},"s":{"0":2,"1":2,"2":0,"3":0,"4":43,"5":0,"6":2,"7":2},"f":{"0":2,"1":0,"2":0,"3":43,"4":0,"5":2},"b":{}}
,"/mnt/e/software-developer/testing/src/infra/database/repository/shortened-url.ts": {"path":"/mnt/e/software-developer/testing/src/infra/database/repository/shortened-url.ts","statementMap":{"0":{"start":{"line":2,"column":0},"end":{"line":2,"column":75}},"1":{"start":{"line":6,"column":31},"end":{"line":6,"column":68}},"2":{"start":{"line":8,"column":20},"end":{"line":10,"column":null}},"3":{"start":{"line":12,"column":4},"end":{"line":29,"column":5}},"4":{"start":{"line":13,"column":6},"end":{"line":18,"column":8}},"5":{"start":{"line":19,"column":6},"end":{"line":28,"column":9}},"6":{"start":{"line":30,"column":4},"end":{"line":30,"column":38}},"7":{"start":{"line":33,"column":4},"end":{"line":45,"column":5}},"8":{"start":{"line":34,"column":21},"end":{"line":34,"column":70}},"9":{"start":{"line":35,"column":6},"end":{"line":40,"column":8}},"10":{"start":{"line":41,"column":6},"end":{"line":41,"column":18}},"11":{"start":{"line":43,"column":6},"end":{"line":43,"column":35}},"12":{"start":{"line":44,"column":6},"end":{"line":44,"column":18}},"13":{"start":{"line":48,"column":4},"end":{"line":60,"column":5}},"14":{"start":{"line":49,"column":6},"end":{"line":56,"column":8}},"15":{"start":{"line":58,"column":6},"end":{"line":58,"column":47}},"16":{"start":{"line":59,"column":6},"end":{"line":59,"column":18}},"17":{"start":{"line":63,"column":4},"end":{"line":71,"column":5}},"18":{"start":{"line":64,"column":6},"end":{"line":67,"column":8}},"19":{"start":{"line":69,"column":6},"end":{"line":69,"column":27}},"20":{"start":{"line":70,"column":6},"end":{"line":70,"column":18}},"21":{"start":{"line":74,"column":21},"end":{"line":76,"column":null}},"22":{"start":{"line":78,"column":4},"end":{"line":90,"column":6}},"23":{"start":{"line":80,"column":8},"end":{"line":89,"column":10}},"24":{"start":{"line":93,"column":22},"end":{"line":95,"column":null}},"25":{"start":{"line":97,"column":4},"end":{"line":104,"column":7}},"26":{"start":{"line":5,"column":0},"end":{"line":5,"column":13}}},"fnMap":{"0":{"name":"(anonymous_0)","decl":{"start":{"line":6,"column":2},"end":{"line":6,"column":31}},"loc":{"start":{"line":6,"column":68},"end":{"line":6,"column":72}}},"1":{"name":"(anonymous_1)","decl":{"start":{"line":7,"column":2},"end":{"line":7,"column":7}},"loc":{"start":{"line":7,"column":29},"end":{"line":31,"column":3}}},"2":{"name":"(anonymous_2)","decl":{"start":{"line":32,"column":2},"end":{"line":32,"column":7}},"loc":{"start":{"line":32,"column":33},"end":{"line":46,"column":3}}},"3":{"name":"(anonymous_3)","decl":{"start":{"line":47,"column":2},"end":{"line":47,"column":7}},"loc":{"start":{"line":47,"column":33},"end":{"line":61,"column":3}}},"4":{"name":"(anonymous_4)","decl":{"start":{"line":62,"column":2},"end":{"line":62,"column":7}},"loc":{"start":{"line":62,"column":25},"end":{"line":72,"column":3}}},"5":{"name":"(anonymous_5)","decl":{"start":{"line":73,"column":2},"end":{"line":73,"column":7}},"loc":{"start":{"line":73,"column":31},"end":{"line":91,"column":3}}},"6":{"name":"(anonymous_6)","decl":{"start":{"line":79,"column":6},"end":{"line":79,"column":7}},"loc":{"start":{"line":80,"column":8},"end":{"line":89,"column":10}}},"7":{"name":"(anonymous_7)","decl":{"start":{"line":92,"column":2},"end":{"line":92,"column":7}},"loc":{"start":{"line":92,"column":24},"end":{"line":105,"column":3}}}},"branchMap":{"0":{"loc":{"start":{"line":12,"column":4},"end":{"line":29,"column":5}},"type":"if","locations":[{"start":{"line":12,"column":4},"end":{"line":29,"column":5}}]}},"s":{"0":1,"1":1,"2":3,"3":3,"4":3,"5":3,"6":0,"7":8,"8":8,"9":8,"10":8,"11":0,"12":0,"13":1,"14":1,"15":0,"16":0,"17":1,"18":1,"19":0,"20":0,"21":2,"22":2,"23":4,"24":3,"25":3,"26":1},"f":{"0":1,"1":3,"2":8,"3":1,"4":1,"5":2,"6":4,"7":3},"b":{"0":[3]}}
,"/mnt/e/software-developer/testing/src/infra/database/repository/user.ts": {"path":"/mnt/e/software-developer/testing/src/infra/database/repository/user.ts","statementMap":{"0":{"start":{"line":2,"column":0},"end":{"line":2,"column":60}},"1":{"start":{"line":3,"column":0},"end":{"line":3,"column":66}},"2":{"start":{"line":4,"column":0},"end":{"line":4,"column":58}},"3":{"start":{"line":8,"column":31},"end":{"line":8,"column":59}},"4":{"start":{"line":10,"column":19},"end":{"line":12,"column":6}},"5":{"start":{"line":13,"column":4},"end":{"line":15,"column":5}},"6":{"start":{"line":14,"column":6},"end":{"line":14,"column":40}},"7":{"start":{"line":16,"column":4},"end":{"line":22,"column":7}},"8":{"start":{"line":25,"column":19},"end":{"line":27,"column":null}},"9":{"start":{"line":29,"column":4},"end":{"line":31,"column":5}},"10":{"start":{"line":30,"column":6},"end":{"line":30,"column":40}},"11":{"start":{"line":32,"column":4},"end":{"line":38,"column":7}},"12":{"start":{"line":42,"column":4},"end":{"line":58,"column":5}},"13":{"start":{"line":43,"column":25},"end":{"line":49,"column":8}},"14":{"start":{"line":50,"column":6},"end":{"line":53,"column":8}},"15":{"start":{"line":54,"column":6},"end":{"line":54,"column":18}},"16":{"start":{"line":56,"column":6},"end":{"line":56,"column":47}},"17":{"start":{"line":57,"column":6},"end":{"line":57,"column":18}},"18":{"start":{"line":62,"column":4},"end":{"line":87,"column":5}},"19":{"start":{"line":63,"column":6},"end":{"line":63,"column":35}},"20":{"start":{"line":64,"column":6},"end":{"line":81,"column":8}},"21":{"start":{"line":82,"column":6},"end":{"line":82,"column":36}},"22":{"start":{"line":84,"column":6},"end":{"line":84,"column":38}},"23":{"start":{"line":85,"column":6},"end":{"line":85,"column":47}},"24":{"start":{"line":86,"column":6},"end":{"line":86,"column":18}},"25":{"start":{"line":91,"column":4},"end":{"line":99,"column":5}},"26":{"start":{"line":92,"column":6},"end":{"line":95,"column":8}},"27":{"start":{"line":97,"column":6},"end":{"line":97,"column":27}},"28":{"start":{"line":98,"column":6},"end":{"line":98,"column":18}},"29":{"start":{"line":102,"column":4},"end":{"line":117,"column":5}},"30":{"start":{"line":103,"column":21},"end":{"line":103,"column":70}},"31":{"start":{"line":104,"column":6},"end":{"line":113,"column":8}},"32":{"start":{"line":106,"column":10},"end":{"line":112,"column":12}},"33":{"start":{"line":115,"column":6},"end":{"line":115,"column":27}},"34":{"start":{"line":116,"column":6},"end":{"line":116,"column":18}},"35":{"start":{"line":7,"column":0},"end":{"line":7,"column":13}}},"fnMap":{"0":{"name":"(anonymous_0)","decl":{"start":{"line":8,"column":2},"end":{"line":8,"column":31}},"loc":{"start":{"line":8,"column":59},"end":{"line":8,"column":63}}},"1":{"name":"(anonymous_1)","decl":{"start":{"line":9,"column":2},"end":{"line":9,"column":7}},"loc":{"start":{"line":9,"column":27},"end":{"line":23,"column":3}}},"2":{"name":"(anonymous_2)","decl":{"start":{"line":24,"column":2},"end":{"line":24,"column":7}},"loc":{"start":{"line":24,"column":33},"end":{"line":39,"column":3}}},"3":{"name":"(anonymous_3)","decl":{"start":{"line":41,"column":2},"end":{"line":41,"column":7}},"loc":{"start":{"line":41,"column":25},"end":{"line":59,"column":3}}},"4":{"name":"(anonymous_4)","decl":{"start":{"line":61,"column":2},"end":{"line":61,"column":7}},"loc":{"start":{"line":61,"column":25},"end":{"line":88,"column":3}}},"5":{"name":"(anonymous_5)","decl":{"start":{"line":90,"column":2},"end":{"line":90,"column":7}},"loc":{"start":{"line":90,"column":25},"end":{"line":100,"column":3}}},"6":{"name":"(anonymous_6)","decl":{"start":{"line":101,"column":2},"end":{"line":101,"column":7}},"loc":{"start":{"line":101,"column":16},"end":{"line":118,"column":3}}},"7":{"name":"(anonymous_7)","decl":{"start":{"line":105,"column":8},"end":{"line":105,"column":9}},"loc":{"start":{"line":106,"column":10},"end":{"line":112,"column":12}}}},"branchMap":{"0":{"loc":{"start":{"line":13,"column":4},"end":{"line":15,"column":5}},"type":"if","locations":[{"start":{"line":13,"column":4},"end":{"line":15,"column":5}}]},"1":{"loc":{"start":{"line":29,"column":4},"end":{"line":31,"column":5}},"type":"if","locations":[{"start":{"line":29,"column":4},"end":{"line":31,"column":5}}]}},"s":{"0":2,"1":2,"2":2,"3":2,"4":4,"5":4,"6":0,"7":4,"8":2,"9":2,"10":0,"11":2,"12":9,"13":9,"14":9,"15":9,"16":0,"17":0,"18":1,"19":1,"20":1,"21":1,"22":0,"23":0,"24":0,"25":1,"26":1,"27":0,"28":0,"29":1,"30":1,"31":1,"32":1,"33":0,"34":0,"35":2},"f":{"0":2,"1":4,"2":2,"3":9,"4":1,"5":1,"6":1,"7":1},"b":{"0":[0],"1":[0]}}
,"/mnt/e/software-developer/testing/test/config.ts": {"path":"/mnt/e/software-developer/testing/test/config.ts","statementMap":{"0":{"start":{"line":1,"column":0},"end":{"line":1,"column":20}},"1":{"start":{"line":3,"column":20},"end":{"line":6,"column":1}},"2":{"start":{"line":4,"column":14},"end":{"line":4,"column":64}},"3":{"start":{"line":5,"column":2},"end":{"line":5,"column":26}},"4":{"start":{"line":9,"column":9},"end":{"line":9,"column":20}},"5":{"start":{"line":8,"column":0},"end":{"line":8,"column":35}}},"fnMap":{"0":{"name":"(anonymous_1)","decl":{"start":{"line":3,"column":20},"end":{"line":3,"column":25}},"loc":{"start":{"line":3,"column":48},"end":{"line":6,"column":1}}}},"branchMap":{},"s":{"0":2,"1":2,"2":2,"3":2,"4":2,"5":2},"f":{"0":2},"b":{}}
}
