TN:
SF:src/core/domain/entities/email.ts
FN:3,(anonymous_0)
FN:9,(anonymous_1)
FNF:2
FNH:2
FNDA:19,(anonymous_0)
FNDA:19,(anonymous_1)
DA:1,4
DA:4,19
DA:5,1
DA:7,18
DA:10,19
LF:5
LH:5
BRDA:4,0,0,1
BRF:1
BRH:1
end_of_record
TN:
SF:src/core/domain/entities/password.ts
FN:4,(anonymous_0)
FN:9,(anonymous_1)
FN:17,(anonymous_2)
FNF:3
FNH:3
FNDA:20,(anonymous_0)
FNDA:13,(anonymous_1)
FNDA:5,(anonymous_2)
DA:1,4
DA:3,4
DA:5,20
DA:6,20
DA:10,13
DA:11,13
DA:14,13
DA:15,13
DA:18,5
DA:21,5
DA:22,5
LF:11
LH:11
BRF:0
BRH:0
end_of_record
TN:
SF:src/core/domain/entities/shortened-url.ts
FN:23,(anonymous_0)
FN:33,(anonymous_1)
FNF:2
FNH:2
FNDA:19,(anonymous_0)
FNDA:9,(anonymous_1)
DA:1,2
DA:14,2
DA:24,19
DA:25,19
DA:26,19
DA:27,19
DA:28,19
DA:29,19
DA:30,19
DA:31,19
DA:34,9
DA:36,9
DA:37,9
DA:39,9
DA:40,54
DA:44,9
LF:16
LH:16
BRF:0
BRH:0
end_of_record
TN:
SF:src/core/domain/entities/user.ts
FN:26,(anonymous_0)
FN:33,(anonymous_1)
FNF:2
FNH:2
FNDA:17,(anonymous_0)
FNDA:10,(anonymous_1)
DA:1,3
DA:2,3
DA:3,3
DA:19,3
DA:27,17
DA:28,17
DA:29,17
DA:30,17
DA:31,17
DA:34,10
DA:35,10
LF:11
LH:11
BRF:0
BRH:0
end_of_record
TN:
SF:src/core/domain/usecase/token.ts
FN:3,(anonymous_6)
FN:10,(anonymous_7)
FNF:2
FNH:2
FNDA:3,(anonymous_6)
FNDA:3,(anonymous_7)
DA:1,2
DA:2,2
DA:4,3
DA:8,3
DA:11,3
DA:12,3
DA:16,2
DA:18,1
LF:8
LH:8
BRDA:4,0,0,3
BRDA:4,0,1,3
BRDA:14,1,0,3
BRDA:14,1,1,3
BRF:4
BRH:4
end_of_record
TN:
SF:src/core/domain/usecase/url/create-url.ts
FN:5,(anonymous_0)
FN:6,(anonymous_1)
FNF:2
FNH:2
FNDA:8,(anonymous_0)
FNDA:8,(anonymous_1)
DA:2,1
DA:4,1
DA:5,8
DA:7,8
DA:11,8
DA:12,8
LF:6
LH:6
BRF:0
BRH:0
end_of_record
TN:
SF:src/core/domain/usecase/url/delete-url.ts
FN:4,(anonymous_0)
FN:5,(anonymous_1)
FNF:2
FNH:2
FNDA:1,(anonymous_0)
FNDA:1,(anonymous_1)
DA:3,1
DA:4,1
DA:6,1
LF:3
LH:3
BRF:0
BRH:0
end_of_record
TN:
SF:src/core/domain/usecase/url/find-url-by-id.ts
FN:4,(anonymous_0)
FN:5,(anonymous_1)
FNF:2
FNH:2
FNDA:2,(anonymous_0)
FNDA:2,(anonymous_1)
DA:3,1
DA:4,2
DA:6,2
DA:7,2
LF:4
LH:4
BRF:0
BRH:0
end_of_record
TN:
SF:src/core/domain/usecase/url/find-url-by-link.ts
FN:4,(anonymous_0)
FN:5,(anonymous_1)
FNF:2
FNH:2
FNDA:2,(anonymous_0)
FNDA:3,(anonymous_1)
DA:3,1
DA:4,2
DA:6,3
DA:7,3
LF:4
LH:4
BRF:0
BRH:0
end_of_record
TN:
SF:src/core/domain/usecase/url/find-url-many.ts
FN:4,(anonymous_0)
FN:5,(anonymous_1)
FNF:2
FNH:2
FNDA:2,(anonymous_0)
FNDA:2,(anonymous_1)
DA:3,1
DA:4,2
DA:6,2
DA:7,2
LF:4
LH:4
BRF:0
BRH:0
end_of_record
TN:
SF:src/core/domain/usecase/url/update-url.ts
FN:4,(anonymous_0)
FN:5,(anonymous_1)
FNF:2
FNH:2
FNDA:1,(anonymous_0)
FNDA:1,(anonymous_1)
DA:3,1
DA:4,1
DA:6,1
DA:7,1
DA:8,1
LF:5
LH:5
BRF:0
BRH:0
end_of_record
TN:
SF:src/core/domain/usecase/user/auth-user.ts
FN:5,(anonymous_0)
FN:6,(anonymous_1)
FNF:2
FNH:2
FNDA:2,(anonymous_0)
FNDA:2,(anonymous_1)
DA:2,1
DA:4,1
DA:5,2
DA:7,2
DA:8,2
DA:9,2
DA:10,2
DA:11,1
DA:16,1
DA:21,1
DA:23,1
DA:25,1
LF:12
LH:12
BRDA:8,0,0,0
BRDA:10,1,0,1
BRDA:14,2,0,0
BRDA:14,2,1,1
BRF:4
BRH:2
end_of_record
TN:
SF:src/core/domain/usecase/user/create-user.ts
FN:4,(anonymous_0)
FN:5,(anonymous_1)
FNF:2
FNH:2
FNDA:9,(anonymous_0)
FNDA:9,(anonymous_1)
DA:2,2
DA:3,2
DA:4,9
DA:6,9
DA:7,9
DA:8,9
LF:6
LH:6
BRF:0
BRH:0
end_of_record
TN:
SF:src/core/domain/usecase/user/delete-user.ts
FN:4,(anonymous_0)
FN:5,(anonymous_1)
FNF:2
FNH:2
FNDA:1,(anonymous_0)
FNDA:1,(anonymous_1)
DA:3,1
DA:4,1
DA:6,1
LF:3
LH:3
BRF:0
BRH:0
end_of_record
TN:
SF:src/core/domain/usecase/user/find-many-user.ts
FN:4,(anonymous_0)
FN:5,(anonymous_1)
FN:7,(anonymous_2)
FNF:3
FNH:3
FNDA:1,(anonymous_0)
FNDA:1,(anonymous_1)
FNDA:1,(anonymous_2)
DA:3,1
DA:4,1
DA:6,1
DA:7,1
LF:4
LH:4
BRF:0
BRH:0
end_of_record
TN:
SF:src/core/domain/usecase/user/find-user.ts
FN:5,(anonymous_0)
FN:6,(anonymous_1)
FNF:2
FNH:2
FNDA:3,(anonymous_0)
FNDA:3,(anonymous_1)
DA:4,1
DA:5,3
DA:7,3
DA:8,3
DA:9,3
DA:11,0
LF:6
LH:5
BRF:0
BRH:0
end_of_record
TN:
SF:src/core/domain/usecase/user/update-user.ts
FN:5,(anonymous_0)
FN:6,(anonymous_1)
FNF:2
FNH:2
FNDA:1,(anonymous_0)
FNDA:1,(anonymous_1)
DA:2,1
DA:4,1
DA:5,1
DA:7,1
DA:8,1
DA:9,1
DA:10,1
DA:11,1
DA:13,1
LF:9
LH:9
BRDA:8,0,0,0
BRDA:9,1,0,1
BRDA:9,1,1,1
BRDA:10,2,0,1
BRF:4
BRH:3
end_of_record
TN:
SF:src/infra/database/PgAdapter.ts
FN:6,(anonymous_1)
FN:9,(anonymous_2)
FN:10,(anonymous_3)
FN:14,(anonymous_4)
FN:18,(anonymous_5)
FN:21,(anonymous_6)
FNF:6
FNH:3
FNDA:2,(anonymous_1)
FNDA:0,(anonymous_2)
FNDA:0,(anonymous_3)
FNDA:43,(anonymous_4)
FNDA:0,(anonymous_5)
FNDA:2,(anonymous_6)
DA:1,2
DA:4,2
DA:7,2
DA:10,0
DA:11,0
DA:15,43
DA:19,0
DA:22,2
LF:8
LH:5
BRF:0
BRH:0
end_of_record
TN:
SF:src/infra/database/repository/shortened-url.ts
FN:6,(anonymous_0)
FN:7,(anonymous_1)
FN:32,(anonymous_2)
FN:47,(anonymous_3)
FN:62,(anonymous_4)
FN:73,(anonymous_5)
FN:79,(anonymous_6)
FN:92,(anonymous_7)
FNF:8
FNH:8
FNDA:1,(anonymous_0)
FNDA:3,(anonymous_1)
FNDA:8,(anonymous_2)
FNDA:1,(anonymous_3)
FNDA:1,(anonymous_4)
FNDA:2,(anonymous_5)
FNDA:4,(anonymous_6)
FNDA:3,(anonymous_7)
DA:2,1
DA:5,1
DA:6,1
DA:8,3
DA:12,3
DA:13,3
DA:19,3
DA:30,0
DA:33,8
DA:34,8
DA:35,8
DA:41,8
DA:43,0
DA:44,0
DA:48,1
DA:49,1
DA:58,0
DA:59,0
DA:63,1
DA:64,1
DA:69,0
DA:70,0
DA:74,2
DA:78,2
DA:80,4
DA:93,3
DA:97,3
LF:27
LH:20
BRDA:12,0,0,3
BRF:1
BRH:1
end_of_record
TN:
SF:src/infra/database/repository/user.ts
FN:8,(anonymous_0)
FN:9,(anonymous_1)
FN:24,(anonymous_2)
FN:41,(anonymous_3)
FN:61,(anonymous_4)
FN:90,(anonymous_5)
FN:101,(anonymous_6)
FN:105,(anonymous_7)
FNF:8
FNH:8
FNDA:2,(anonymous_0)
FNDA:4,(anonymous_1)
FNDA:2,(anonymous_2)
FNDA:9,(anonymous_3)
FNDA:1,(anonymous_4)
FNDA:1,(anonymous_5)
FNDA:1,(anonymous_6)
FNDA:1,(anonymous_7)
DA:2,2
DA:3,2
DA:4,2
DA:7,2
DA:8,2
DA:10,4
DA:13,4
DA:14,0
DA:16,4
DA:25,2
DA:29,2
DA:30,0
DA:32,2
DA:42,9
DA:43,9
DA:50,9
DA:54,9
DA:56,0
DA:57,0
DA:62,1
DA:63,1
DA:64,1
DA:82,1
DA:84,0
DA:85,0
DA:86,0
DA:91,1
DA:92,1
DA:97,0
DA:98,0
DA:102,1
DA:103,1
DA:104,1
DA:106,1
DA:115,0
DA:116,0
LF:36
LH:25
BRDA:13,0,0,0
BRDA:29,1,0,0
BRF:2
BRH:0
end_of_record
TN:
SF:test/config.ts
FN:3,(anonymous_1)
FNF:1
FNH:1
FNDA:2,(anonymous_1)
DA:1,2
DA:3,2
DA:4,2
DA:5,2
DA:8,2
DA:9,2
LF:6
LH:6
BRF:0
BRH:0
end_of_record
